# JRE version: OpenJDK Runtime Environment (8.0_121-b13) (build 1.8.0_121-8u121-b13-0ubuntu1.16.04.2-b13)
# Java VM: OpenJDK 64-Bit Server VM (25.121-b13 mixed mode linux-amd64 compressed oops)
Heap:
 def new generation   total 174784K, used 8834K [0x00000000c0000000, 0x00000000cbda0000, 0x00000000d5550000)
  eden space 155392K,   5% used [0x00000000c0000000, 0x00000000c08a0b28, 0x00000000c97c0000)
  from space 19392K,   0% used [0x00000000c97c0000, 0x00000000c97c0000, 0x00000000caab0000)
  to   space 19392K,   0% used [0x00000000caab0000, 0x00000000caab0000, 0x00000000cbda0000)
 tenured generation   total 388460K, used 388459K [0x00000000d5550000, 0x00000000ed0ab000, 0x0000000100000000)
   the space 388460K,  99% used [0x00000000d5550000, 0x00000000ed0aaff0, 0x00000000ed0ab000, 0x00000000ed0ab000)
 Metaspace       used 12927K, capacity 13122K, committed 13440K, reserved 1060864K
  class space    used 1501K, capacity 1575K, committed 1664K, reserved 1048576K
GC Heap History (10 events):
Event: 155,200 GC heap after
Heap after GC invocations=354 (full 7):
 def new generation   total 174784K, used 10601K [0x00000000c0000000, 0x00000000cbda0000, 0x00000000d5550000)
  eden space 155392K,   0% used [0x00000000c0000000, 0x00000000c0000000, 0x00000000c97c0000)
  from space 19392K,  54% used [0x00000000caab0000, 0x00000000cb50a730, 0x00000000cbda0000)
  to   space 19392K,   0% used [0x00000000c97c0000, 0x00000000c97c0000, 0x00000000caab0000)
 tenured generation   total 388268K, used 371321K [0x00000000d5550000, 0x00000000ed07b000, 0x0000000100000000)
   the space 388268K,  95% used [0x00000000d5550000, 0x00000000ebfee598, 0x00000000ebfee600, 0x00000000ed07b000)
 Metaspace       used 12927K, capacity 13122K, committed 13440K, reserved 1060864K
  class space    used 1501K, capacity 1575K, committed 1664K, reserved 1048576K
}
Event: 156,687 GC heap before
{Heap before GC invocations=354 (full 7):
 def new generation   total 174784K, used 165993K [0x00000000c0000000, 0x00000000cbda0000, 0x00000000d5550000)
  eden space 155392K, 100% used [0x00000000c0000000, 0x00000000c97c0000, 0x00000000c97c0000)
  from space 19392K,  54% used [0x00000000caab0000, 0x00000000cb50a730, 0x00000000cbda0000)
  to   space 19392K,   0% used [0x00000000c97c0000, 0x00000000c97c0000, 0x00000000caab0000)
 tenured generation   total 388268K, used 371321K [0x00000000d5550000, 0x00000000ed07b000, 0x0000000100000000)
   the space 388268K,  95% used [0x00000000d5550000, 0x00000000ebfee598, 0x00000000ebfee600, 0x00000000ed07b000)
 Metaspace       used 12927K, capacity 13122K, committed 13440K, reserved 1060864K
  class space    used 1501K, capacity 1575K, committed 1664K, reserved 1048576K
Event: 156,748 GC heap after
Heap after GC invocations=355 (full 7):
 def new generation   total 174784K, used 10635K [0x00000000c0000000, 0x00000000cbda0000, 0x00000000d5550000)
  eden space 155392K,   0% used [0x00000000c0000000, 0x00000000c0000000, 0x00000000c97c0000)
  from space 19392K,  54% used [0x00000000c97c0000, 0x00000000ca222cb8, 0x00000000caab0000)
  to   space 19392K,   0% used [0x00000000caab0000, 0x00000000caab0000, 0x00000000cbda0000)
 tenured generation   total 388268K, used 374705K [0x00000000d5550000, 0x00000000ed07b000, 0x0000000100000000)
   the space 388268K,  96% used [0x00000000d5550000, 0x00000000ec33c4e8, 0x00000000ec33c600, 0x00000000ed07b000)
 Metaspace       used 12927K, capacity 13122K, committed 13440K, reserved 1060864K
  class space    used 1501K, capacity 1575K, committed 1664K, reserved 1048576K
}
Event: 158,846 GC heap before
{Heap before GC invocations=355 (full 7):
 def new generation   total 174784K, used 166027K [0x00000000c0000000, 0x00000000cbda0000, 0x00000000d5550000)
  eden space 155392K, 100% used [0x00000000c0000000, 0x00000000c97c0000, 0x00000000c97c0000)
  from space 19392K,  54% used [0x00000000c97c0000, 0x00000000ca222cb8, 0x00000000caab0000)
  to   space 19392K,   0% used [0x00000000caab0000, 0x00000000caab0000, 0x00000000cbda0000)
 tenured generation   total 388268K, used 374705K [0x00000000d5550000, 0x00000000ed07b000, 0x0000000100000000)
   the space 388268K,  96% used [0x00000000d5550000, 0x00000000ec33c4e8, 0x00000000ec33c600, 0x00000000ed07b000)
 Metaspace       used 12927K, capacity 13122K, committed 13440K, reserved 1060864K
  class space    used 1501K, capacity 1575K, committed 1664K, reserved 1048576K
Event: 158,905 GC heap after
Heap after GC invocations=356 (full 7):
 def new generation   total 174784K, used 10601K [0x00000000c0000000, 0x00000000cbda0000, 0x00000000d5550000)
  eden space 155392K,   0% used [0x00000000c0000000, 0x00000000c0000000, 0x00000000c97c0000)
  from space 19392K,  54% used [0x00000000caab0000, 0x00000000cb50a5f8, 0x00000000cbda0000)
  to   space 19392K,   0% used [0x00000000c97c0000, 0x00000000c97c0000, 0x00000000caab0000)
 tenured generation   total 388268K, used 378070K [0x00000000d5550000, 0x00000000ed07b000, 0x0000000100000000)
   the space 388268K,  97% used [0x00000000d5550000, 0x00000000ec685b50, 0x00000000ec685c00, 0x00000000ed07b000)
 Metaspace       used 12927K, capacity 13122K, committed 13440K, reserved 1060864K
  class space    used 1501K, capacity 1575K, committed 1664K, reserved 1048576K
}
Event: 161,052 GC heap before
{Heap before GC invocations=356 (full 7):
 def new generation   total 174784K, used 165993K [0x00000000c0000000, 0x00000000cbda0000, 0x00000000d5550000)
  eden space 155392K, 100% used [0x00000000c0000000, 0x00000000c97c0000, 0x00000000c97c0000)
  from space 19392K,  54% used [0x00000000caab0000, 0x00000000cb50a5f8, 0x00000000cbda0000)
  to   space 19392K,   0% used [0x00000000c97c0000, 0x00000000c97c0000, 0x00000000caab0000)
 tenured generation   total 388268K, used 378070K [0x00000000d5550000, 0x00000000ed07b000, 0x0000000100000000)
   the space 388268K,  97% used [0x00000000d5550000, 0x00000000ec685b50, 0x00000000ec685c00, 0x00000000ed07b000)
 Metaspace       used 12927K, capacity 13122K, committed 13440K, reserved 1060864K
  class space    used 1501K, capacity 1575K, committed 1664K, reserved 1048576K
Event: 161,104 GC heap after
Heap after GC invocations=357 (full 7):
 def new generation   total 174784K, used 10705K [0x00000000c0000000, 0x00000000cbda0000, 0x00000000d5550000)
  eden space 155392K,   0% used [0x00000000c0000000, 0x00000000c0000000, 0x00000000c97c0000)
  from space 19392K,  55% used [0x00000000c97c0000, 0x00000000ca234468, 0x00000000caab0000)
  to   space 19392K,   0% used [0x00000000caab0000, 0x00000000caab0000, 0x00000000cbda0000)
 tenured generation   total 388268K, used 381657K [0x00000000d5550000, 0x00000000ed07b000, 0x0000000100000000)
   the space 388268K,  98% used [0x00000000d5550000, 0x00000000eca066f8, 0x00000000eca06800, 0x00000000ed07b000)
 Metaspace       used 12927K, capacity 13122K, committed 13440K, reserved 1060864K
  class space    used 1501K, capacity 1575K, committed 1664K, reserved 1048576K
}
Event: 163,483 GC heap before
{Heap before GC invocations=357 (full 7):
 def new generation   total 174784K, used 166097K [0x00000000c0000000, 0x00000000cbda0000, 0x00000000d5550000)
  eden space 155392K, 100% used [0x00000000c0000000, 0x00000000c97c0000, 0x00000000c97c0000)
  from space 19392K,  55% used [0x00000000c97c0000, 0x00000000ca234468, 0x00000000caab0000)
  to   space 19392K,   0% used [0x00000000caab0000, 0x00000000caab0000, 0x00000000cbda0000)
 tenured generation   total 388268K, used 381657K [0x00000000d5550000, 0x00000000ed07b000, 0x0000000100000000)
   the space 388268K,  98% used [0x00000000d5550000, 0x00000000eca066f8, 0x00000000eca06800, 0x00000000ed07b000)
 Metaspace       used 12927K, capacity 13122K, committed 13440K, reserved 1060864K
  class space    used 1501K, capacity 1575K, committed 1664K, reserved 1048576K
Event: 163,549 GC heap after
Heap after GC invocations=358 (full 7):
 def new generation   total 174784K, used 10645K [0x00000000c0000000, 0x00000000cbda0000, 0x00000000d5550000)
  eden space 155392K,   0% used [0x00000000c0000000, 0x00000000c0000000, 0x00000000c97c0000)
  from space 19392K,  54% used [0x00000000caab0000, 0x00000000cb515418, 0x00000000cbda0000)
  to   space 19392K,   0% used [0x00000000c97c0000, 0x00000000c97c0000, 0x00000000caab0000)
 tenured generation   total 388268K, used 385063K [0x00000000d5550000, 0x00000000ed07b000, 0x0000000100000000)
   the space 388268K,  99% used [0x00000000d5550000, 0x00000000ecd59d38, 0x00000000ecd59e00, 0x00000000ed07b000)
 Metaspace       used 12927K, capacity 13122K, committed 13440K, reserved 1060864K
  class space    used 1501K, capacity 1575K, committed 1664K, reserved 1048576K
}
Event: 166,072 GC heap before
{Heap before GC invocations=358 (full 7):
 def new generation   total 174784K, used 166037K [0x00000000c0000000, 0x00000000cbda0000, 0x00000000d5550000)
  eden space 155392K, 100% used [0x00000000c0000000, 0x00000000c97c0000, 0x00000000c97c0000)
  from space 19392K,  54% used [0x00000000caab0000, 0x00000000cb515418, 0x00000000cbda0000)
  to   space 19392K,   0% used [0x00000000c97c0000, 0x00000000c97c0000, 0x00000000caab0000)
 tenured generation   total 388268K, used 385063K [0x00000000d5550000, 0x00000000ed07b000, 0x0000000100000000)
   the space 388268K,  99% used [0x00000000d5550000, 0x00000000ecd59d38, 0x00000000ecd59e00, 0x00000000ed07b000)
 Metaspace       used 12927K, capacity 13122K, committed 13440K, reserved 1060864K
  class space    used 1501K, capacity 1575K, committed 1664K, reserved 1048576K

